2022-10-11 18:11:20 INFO  Log:11 - =====================================verifyTotalPriceTest TEST START=========================================
2022-10-11 18:11:20 INFO  Log:24 - Enter search product: t-shirt
2022-10-11 18:11:22 INFO  Log:24 - Click find button
2022-10-11 18:11:24 INFO  Log:24 - Enter quantity: 2
2022-10-11 18:11:24 INFO  Log:24 - Enter size: M
2022-10-11 18:11:24 INFO  Log:24 - Click AddToCart button
2022-10-11 18:11:25 INFO  Log:24 - Click Checkout and open orderPage
2022-10-11 18:11:29 INFO  Log:24 - Verify total price: total = 35.02, actualTotal = 35.02
2022-10-11 18:11:29 INFO  Log:16 - =====================================verifyTotalPriceTest TEST END=========================================
2022-10-11 18:11:35 INFO  Log:11 - =====================================addToCartTest TEST START=========================================
2022-10-11 18:11:35 INFO  Log:24 - Enter search product: t-shirt
2022-10-11 18:11:37 INFO  Log:24 - Click find button
2022-10-11 18:11:39 INFO  Log:24 - Enter quantity: 2
2022-10-11 18:11:40 INFO  Log:24 - Enter size: M
2022-10-11 18:11:40 INFO  Log:24 - Click AddToCart button
2022-10-11 18:11:40 INFO  Log:24 - Check add product to cart
2022-10-11 18:11:43 INFO  Log:16 - =====================================addToCartTest TEST END=========================================
2022-10-11 18:11:48 INFO  Log:11 - =====================================endToEndBuyProductTest TEST START=========================================
2022-10-11 18:11:48 INFO  Log:24 - Search product
2022-10-11 18:11:54 INFO  Log:24 - Enter quantity
2022-10-11 18:11:54 INFO  Log:24 - Enter size
2022-10-11 18:11:54 INFO  Log:24 - Click AddToCart button
2022-10-11 18:11:54 INFO  Log:24 - Click Checkout button
2022-10-11 18:11:59 INFO  Log:24 - Click Checkout button
2022-10-11 18:12:05 INFO  Log:24 - Enter login and password
2022-10-11 18:12:08 INFO  Log:24 - Click Checkout button
2022-10-11 18:12:10 INFO  Log:24 - Select checkBox and click ProcessToCheckout
2022-10-11 18:12:12 INFO  Log:24 - Click PayByBank button
2022-10-11 18:12:13 INFO  Log:24 - Click ConfirmOrder button
2022-10-11 18:12:16 INFO  Log:24 - Verify result
2022-10-11 18:12:16 INFO  Log:16 - =====================================endToEndBuyProductTest TEST END=========================================
