2022-09-30 14:51:16 INFO  Log:11 - =====================================verifyLogoTest TEST START=========================================
2022-09-30 14:51:16 INFO  Log:16 - =====================================verifyLogoTest TEST END=========================================
2022-09-30 14:51:23 INFO  Log:11 - =====================================verifyTitleTest TEST START=========================================
2022-09-30 14:51:23 INFO  Log:16 - =====================================verifyTitleTest TEST END=========================================
2022-09-30 14:51:33 INFO  Log:11 - =====================================myVishlistTest TEST START=========================================
2022-09-30 14:51:33 INFO  Log:24 - Click SingIn button
2022-09-30 14:51:36 INFO  Log:24 - Enter login and password
2022-09-30 14:51:42 INFO  Log:24 - Click SingIn and verify myVishlist
2022-09-30 14:51:42 INFO  Log:16 - =====================================myVishlistTest TEST END=========================================
2022-09-30 14:51:52 INFO  Log:11 - =====================================orderHistoryDetailsTest TEST START=========================================
2022-09-30 14:51:52 INFO  Log:24 - Click SingIn button
2022-09-30 14:51:55 INFO  Log:24 - Click SingIn and verify myVishlist
2022-09-30 14:51:58 INFO  Log:16 - =====================================orderHistoryDetailsTest TEST END=========================================
2022-09-30 14:52:05 INFO  Log:11 - =====================================verifyTotalPriceTest TEST START=========================================
2022-09-30 14:52:05 INFO  Log:24 - Enter search product: t-shirt
2022-09-30 14:52:07 INFO  Log:24 - Click find button
2022-09-30 14:52:08 INFO  Log:24 - Enter quantity: 2
2022-09-30 14:52:09 INFO  Log:24 - Enter size: M
2022-09-30 14:52:09 INFO  Log:24 - Click AddToCart button
2022-09-30 14:52:09 INFO  Log:24 - Click Checkout and open orderPage
2022-09-30 14:52:12 INFO  Log:24 - Verify total price: total = 35.02, actualTotal = 35.02
2022-09-30 14:52:12 INFO  Log:16 - =====================================verifyTotalPriceTest TEST END=========================================
2022-09-30 14:52:18 INFO  Log:11 - =====================================addToCartTest TEST START=========================================
2022-09-30 14:52:18 INFO  Log:24 - Enter search product: t-shirt
2022-09-30 14:52:19 INFO  Log:24 - Click find button
2022-09-30 14:52:21 INFO  Log:24 - Enter quantity: 2
2022-09-30 14:52:21 INFO  Log:24 - Enter size: M
2022-09-30 14:52:22 INFO  Log:24 - Click AddToCart button
2022-09-30 14:52:22 INFO  Log:24 - Check add product to cart
2022-09-30 14:52:24 INFO  Log:16 - =====================================addToCartTest TEST END=========================================
2022-09-30 14:52:31 INFO  Log:11 - =====================================createNewAccountTest TEST START=========================================
2022-09-30 14:52:31 INFO  Log:24 - User is going to click on SingIn button
2022-09-30 14:52:36 INFO  Log:24 - Enter email
2022-09-30 14:52:37 INFO  Log:24 - Enter other parameters
2022-09-30 14:52:53 INFO  Log:11 - =====================================verifyCreateAccountPageTest TEST START=========================================
2022-09-30 14:52:53 INFO  Log:24 - User is going to click on SingIn button
2022-09-30 14:52:55 INFO  Log:24 - Enter email and password
2022-09-30 14:52:55 INFO  Log:24 - Verifying correct login and open createAccountPage
2022-09-30 14:52:57 INFO  Log:16 - =====================================verifyCreateAccountPageTest TEST END=========================================
2022-09-30 14:53:03 INFO  Log:11 - =====================================varifySearchProductTest TEST START=========================================
2022-09-30 14:53:03 INFO  Log:24 - Enter product name: t-shirt and click find button
2022-09-30 14:53:04 INFO  Log:24 - Verify search result
2022-09-30 14:53:04 INFO  Log:16 - =====================================varifySearchProductTest TEST END=========================================
2022-09-30 14:53:11 INFO  Log:11 - =====================================loginTest TEST START=========================================
2022-09-30 14:53:11 INFO  Log:24 - User is going to click on SingIn button
2022-09-30 14:53:12 INFO  Log:24 - Enter email and password
2022-09-30 14:53:15 INFO  Log:24 - Verifying if user is able to login
2022-09-30 14:53:15 INFO  Log:24 - Login is success
2022-09-30 14:53:15 INFO  Log:16 - =====================================loginTest TEST END=========================================
2022-09-30 14:53:21 INFO  Log:11 - =====================================endToEndBuyProductTest TEST START=========================================
2022-09-30 14:53:21 INFO  Log:24 - Search product
2022-09-30 14:53:26 INFO  Log:24 - Enter quantity
2022-09-30 14:53:26 INFO  Log:24 - Enter size
2022-09-30 14:53:26 INFO  Log:24 - Click AddToCart button
2022-09-30 14:53:26 INFO  Log:24 - Click Checkout button
2022-09-30 14:53:30 INFO  Log:24 - Click Checkout button
2022-09-30 14:53:33 INFO  Log:24 - Enter login and password
2022-09-30 14:53:36 INFO  Log:24 - Click Checkout button
2022-09-30 14:53:38 INFO  Log:24 - Select checkBox and click ProcessToCheckout
2022-09-30 14:53:41 INFO  Log:24 - Click PayByBank button
2022-09-30 14:53:42 INFO  Log:24 - Click ConfirmOrder button
2022-09-30 14:53:47 INFO  Log:24 - Verify result
2022-09-30 14:53:47 INFO  Log:16 - =====================================endToEndBuyProductTest TEST END=========================================
